8/31/2019 11:51:02 AM	This log contains information about the import schema operation into project 'MercuryHealthDB' on computer 'ABEL-SURFACESTU' by user 'abel'.
8/31/2019 11:51:02 AM	Import of database schema has started.
8/31/2019 11:51:08 AM	Gathering logins
8/31/2019 11:51:15 AM	Gathering database credentials
8/31/2019 11:51:15 AM	Gathering database options
8/31/2019 11:51:15 AM	Gathering generic database scoped configuration option
8/31/2019 11:51:15 AM	Gathering users
8/31/2019 11:51:15 AM	Gathering roles
8/31/2019 11:51:15 AM	Gathering application roles
8/31/2019 11:51:16 AM	Gathering role memberships
8/31/2019 11:51:16 AM	Gathering filegroups
8/31/2019 11:51:16 AM	Gathering full-text catalogs
8/31/2019 11:51:16 AM	Gathering assemblies
8/31/2019 11:51:16 AM	Gathering certificates
8/31/2019 11:51:16 AM	Gathering symmetric keys
8/31/2019 11:51:16 AM	Gathering encrypted symmetric keys
8/31/2019 11:51:16 AM	Gathering schemas
8/31/2019 11:51:16 AM	Gathering XML schema collections
8/31/2019 11:51:16 AM	Gathering user-defined data types
8/31/2019 11:51:16 AM	Gathering user-defined types
8/31/2019 11:51:16 AM	Gathering table types
8/31/2019 11:51:16 AM	Gathering unique keys for table types
8/31/2019 11:51:16 AM	Gathering primary keys for table types
8/31/2019 11:51:16 AM	Gathering indexes for table types
8/31/2019 11:51:16 AM	Gathering check constraints for table types
8/31/2019 11:51:16 AM	Gathering default constraints for table types
8/31/2019 11:51:16 AM	Gathering partition functions
8/31/2019 11:51:16 AM	Gathering partition schemes
8/31/2019 11:51:16 AM	Gathering functions
8/31/2019 11:51:16 AM	Gathering encrypted functions
8/31/2019 11:51:16 AM	Gathering aggregates
8/31/2019 11:51:16 AM	Gathering procedures
8/31/2019 11:51:16 AM	Gathering encrypted procedures
8/31/2019 11:51:16 AM	Gathering tables
8/31/2019 11:51:17 AM	Gathering primary keys
8/31/2019 11:51:17 AM	Gathering unique constraints
8/31/2019 11:51:17 AM	Gathering foreign keys
8/31/2019 11:51:17 AM	Gathering default constraints
8/31/2019 11:51:17 AM	Gathering check constraints
8/31/2019 11:51:17 AM	Gathering views
8/31/2019 11:51:17 AM	Gathering encrypted views
8/31/2019 11:51:17 AM	Gathering indexes
8/31/2019 11:51:18 AM	Gathering statistics
8/31/2019 11:51:18 AM	Gathering full-text index stoplists
8/31/2019 11:51:18 AM	Gathering search property lists
8/31/2019 11:51:18 AM	Gathering search properties
8/31/2019 11:51:18 AM	Gathering full-text indexes
8/31/2019 11:51:18 AM	Gathering column store indexes
8/31/2019 11:51:18 AM	Gathering spatial indexes
8/31/2019 11:51:18 AM	Gathering XML indexes
8/31/2019 11:51:18 AM	Gathering Selective XML indexes
8/31/2019 11:51:18 AM	Gathering encrypted triggers
8/31/2019 11:51:18 AM	Gathering triggers
8/31/2019 11:51:18 AM	Gathering encrypted and clr ddl triggers
8/31/2019 11:51:18 AM	Gathering ddl triggers
8/31/2019 11:51:18 AM	Creating edge constraints
8/31/2019 11:51:18 AM	Gathering synonyms
8/31/2019 11:51:18 AM	Gathering defaults
8/31/2019 11:51:18 AM	Gathering data constraint uddt bindings
8/31/2019 11:51:18 AM	Gathering rules
8/31/2019 11:51:18 AM	Gathering data constraint uddt bindings
8/31/2019 11:51:18 AM	Gathering message types
8/31/2019 11:51:18 AM	Gathering queues
8/31/2019 11:51:18 AM	Gathering contracts
8/31/2019 11:51:18 AM	Gathering services
8/31/2019 11:51:18 AM	Gathering event notifications
8/31/2019 11:51:18 AM	Gathering remote service bindings
8/31/2019 11:51:18 AM	Gathering broker priorities
8/31/2019 11:51:18 AM	Gathering signatures
8/31/2019 11:51:18 AM	Gathering data compression options
8/31/2019 11:51:18 AM	Gathering sequence types
8/31/2019 11:51:18 AM	Gathering security policies
8/31/2019 11:51:18 AM	Gather column encryption keys
8/31/2019 11:51:18 AM	Gathering column master keys
8/31/2019 11:51:18 AM	Gathering external data sources
8/31/2019 11:51:18 AM	Gathering external tables
8/31/2019 11:51:18 AM	Gathering extended properties
8/31/2019 11:51:19 AM	Gathering logins
8/31/2019 11:51:21 AM	Scanning project for duplicate elements
8/31/2019 11:51:21 AM	Finished duplicate element processing
8/31/2019 11:51:21 AM	Finished importing database.
8/31/2019 11:51:21 AM	A summary of the import was saved to the following location: C:\Users\abel\Source\GitHub\abelsquidhead\MercuryHealthCore\MercuryHealthDB\Import Schema Logs\MercuryHealthDB_20190831065102.log
8/31/2019 11:51:21 AM	Click Finish to continue...
